# JRE version: Java(TM) SE Runtime Environment (8.0_05-b13) (build 1.8.0_05-b13)
# Java VM: Java HotSpot(TM) 64-Bit Server VM (25.5-b02 mixed mode windows-amd64 compressed oops)
Heap:
 PSYoungGen      total 49152K, used 19684K [0x00000000eb300000, 0x00000000ee880000, 0x0000000100000000)
  eden space 44544K, 43% used [0x00000000eb300000,0x00000000ec60de28,0x00000000ede80000)
  from space 4608K, 3% used [0x00000000ee380000,0x00000000ee3ab5b0,0x00000000ee800000)
  to   space 5120K, 0% used [0x00000000ede80000,0x00000000ede80000,0x00000000ee380000)
 ParOldGen       total 30720K, used 26512K [0x00000000c1800000, 0x00000000c3600000, 0x00000000eb300000)
  object space 30720K, 86% used [0x00000000c1800000,0x00000000c31e43c8,0x00000000c3600000)
 Metaspace       used 33649K, capacity 33948K, committed 34176K, reserved 1079296K
  class space    used 5082K, capacity 5154K, committed 5248K, reserved 1048576K
GC Heap History (10 events):
Event: 25.905 GC heap before
{Heap before GC invocations=20 (full 1):
 PSYoungGen      total 27136K, used 24064K [0x00000000eb300000, 0x00000000ed280000, 0x0000000100000000)
  eden space 24064K, 100% used [0x00000000eb300000,0x00000000eca80000,0x00000000eca80000)
  from space 3072K, 0% used [0x00000000ecf80000,0x00000000ecf80000,0x00000000ed280000)
  to   space 4096K, 0% used [0x00000000eca80000,0x00000000eca80000,0x00000000ece80000)
 ParOldGen       total 9728K, used 6742K [0x00000000c1800000, 0x00000000c2180000, 0x00000000eb300000)
  object space 9728K, 69% used [0x00000000c1800000,0x00000000c1e95958,0x00000000c2180000)
 Metaspace       used 22824K, capacity 22986K, committed 23296K, reserved 1069056K
  class space    used 3287K, capacity 3327K, committed 3328K, reserved 1048576K
Event: 25.923 GC heap after
Heap after GC invocations=20 (full 1):
 PSYoungGen      total 28160K, used 2190K [0x00000000eb300000, 0x00000000edb00000, 0x0000000100000000)
  eden space 24064K, 0% used [0x00000000eb300000,0x00000000eb300000,0x00000000eca80000)
  from space 4096K, 53% used [0x00000000eca80000,0x00000000ecca38f0,0x00000000ece80000)
  to   space 4096K, 0% used [0x00000000ed700000,0x00000000ed700000,0x00000000edb00000)
 ParOldGen       total 9728K, used 6750K [0x00000000c1800000, 0x00000000c2180000, 0x00000000eb300000)
  object space 9728K, 69% used [0x00000000c1800000,0x00000000c1e97958,0x00000000c2180000)
 Metaspace       used 22824K, capacity 22986K, committed 23296K, reserved 1069056K
  class space    used 3287K, capacity 3327K, committed 3328K, reserved 1048576K
}
Event: 26.341 GC heap before
{Heap before GC invocations=21 (full 1):
 PSYoungGen      total 28160K, used 26254K [0x00000000eb300000, 0x00000000edb00000, 0x0000000100000000)
  eden space 24064K, 100% used [0x00000000eb300000,0x00000000eca80000,0x00000000eca80000)
  from space 4096K, 53% used [0x00000000eca80000,0x00000000ecca38f0,0x00000000ece80000)
  to   space 4096K, 0% used [0x00000000ed700000,0x00000000ed700000,0x00000000edb00000)
 ParOldGen       total 9728K, used 6750K [0x00000000c1800000, 0x00000000c2180000, 0x00000000eb300000)
  object space 9728K, 69% used [0x00000000c1800000,0x00000000c1e97958,0x00000000c2180000)
 Metaspace       used 24367K, capacity 24490K, committed 24704K, reserved 1071104K
  class space    used 3578K, capacity 3615K, committed 3712K, reserved 1048576K
Event: 26.344 GC heap after
Heap after GC invocations=21 (full 1):
 PSYoungGen      total 36864K, used 2355K [0x00000000eb300000, 0x00000000edb00000, 0x0000000100000000)
  eden space 32768K, 0% used [0x00000000eb300000,0x00000000eb300000,0x00000000ed300000)
  from space 4096K, 57% used [0x00000000ed700000,0x00000000ed94cc98,0x00000000edb00000)
  to   space 4096K, 0% used [0x00000000ed300000,0x00000000ed300000,0x00000000ed700000)
 ParOldGen       total 9728K, used 7190K [0x00000000c1800000, 0x00000000c2180000, 0x00000000eb300000)
  object space 9728K, 73% used [0x00000000c1800000,0x00000000c1f059b8,0x00000000c2180000)
 Metaspace       used 24367K, capacity 24490K, committed 24704K, reserved 1071104K
  class space    used 3578K, capacity 3615K, committed 3712K, reserved 1048576K
}
Event: 27.054 GC heap before
{Heap before GC invocations=22 (full 1):
 PSYoungGen      total 36864K, used 35123K [0x00000000eb300000, 0x00000000edb00000, 0x0000000100000000)
  eden space 32768K, 100% used [0x00000000eb300000,0x00000000ed300000,0x00000000ed300000)
  from space 4096K, 57% used [0x00000000ed700000,0x00000000ed94cc98,0x00000000edb00000)
  to   space 4096K, 0% used [0x00000000ed300000,0x00000000ed300000,0x00000000ed700000)
 ParOldGen       total 9728K, used 7190K [0x00000000c1800000, 0x00000000c2180000, 0x00000000eb300000)
  object space 9728K, 73% used [0x00000000c1800000,0x00000000c1f059b8,0x00000000c2180000)
 Metaspace       used 27692K, capacity 27862K, committed 28160K, reserved 1073152K
  class space    used 4173K, capacity 4225K, committed 4352K, reserved 1048576K
Event: 27.067 GC heap after
Heap after GC invocations=22 (full 1):
 PSYoungGen      total 36864K, used 3617K [0x00000000eb300000, 0x00000000ee800000, 0x0000000100000000)
  eden space 32768K, 0% used [0x00000000eb300000,0x00000000eb300000,0x00000000ed300000)
  from space 4096K, 88% used [0x00000000ed300000,0x00000000ed688478,0x00000000ed700000)
  to   space 4608K, 0% used [0x00000000ee380000,0x00000000ee380000,0x00000000ee800000)
 ParOldGen       total 9728K, used 7991K [0x00000000c1800000, 0x00000000c2180000, 0x00000000eb300000)
  object space 9728K, 82% used [0x00000000c1800000,0x00000000c1fcdea0,0x00000000c2180000)
 Metaspace       used 27692K, capacity 27862K, committed 28160K, reserved 1073152K
  class space    used 4173K, capacity 4225K, committed 4352K, reserved 1048576K
}
Event: 29.919 GC heap before
{Heap before GC invocations=23 (full 1):
 PSYoungGen      total 36864K, used 36385K [0x00000000eb300000, 0x00000000ee800000, 0x0000000100000000)
  eden space 32768K, 100% used [0x00000000eb300000,0x00000000ed300000,0x00000000ed300000)
  from space 4096K, 88% used [0x00000000ed300000,0x00000000ed688478,0x00000000ed700000)
  to   space 4608K, 0% used [0x00000000ee380000,0x00000000ee380000,0x00000000ee800000)
 ParOldGen       total 26624K, used 24375K [0x00000000c1800000, 0x00000000c3200000, 0x00000000eb300000)
  object space 26624K, 91% used [0x00000000c1800000,0x00000000c2fcdeb0,0x00000000c3200000)
 Metaspace       used 30999K, capacity 31232K, committed 31488K, reserved 1075200K
  class space    used 4726K, capacity 4792K, committed 4864K, reserved 1048576K
Event: 29.934 GC heap after
Heap after GC invocations=23 (full 1):
 PSYoungGen      total 49152K, used 3791K [0x00000000eb300000, 0x00000000ee880000, 0x0000000100000000)
  eden space 44544K, 0% used [0x00000000eb300000,0x00000000eb300000,0x00000000ede80000)
  from space 4608K, 82% used [0x00000000ee380000,0x00000000ee733cf0,0x00000000ee800000)
  to   space 5120K, 0% used [0x00000000ede80000,0x00000000ede80000,0x00000000ee380000)
 ParOldGen       total 26624K, used 24930K [0x00000000c1800000, 0x00000000c3200000, 0x00000000eb300000)
  object space 26624K, 93% used [0x00000000c1800000,0x00000000c3058ac8,0x00000000c3200000)
 Metaspace       used 30999K, capacity 31232K, committed 31488K, reserved 1075200K
  class space    used 4726K, capacity 4792K, committed 4864K, reserved 1048576K
}
Event: 29.934 GC heap before
{Heap before GC invocations=24 (full 2):
 PSYoungGen      total 49152K, used 3791K [0x00000000eb300000, 0x00000000ee880000, 0x0000000100000000)
  eden space 44544K, 0% used [0x00000000eb300000,0x00000000eb300000,0x00000000ede80000)
  from space 4608K, 82% used [0x00000000ee380000,0x00000000ee733cf0,0x00000000ee800000)
  to   space 5120K, 0% used [0x00000000ede80000,0x00000000ede80000,0x00000000ee380000)
 ParOldGen       total 26624K, used 24930K [0x00000000c1800000, 0x00000000c3200000, 0x00000000eb300000)
  object space 26624K, 93% used [0x00000000c1800000,0x00000000c3058ac8,0x00000000c3200000)
 Metaspace       used 30999K, capacity 31232K, committed 31488K, reserved 1075200K
  class space    used 4726K, capacity 4792K, committed 4864K, reserved 1048576K
Event: 30.062 GC heap after
Heap after GC invocations=24 (full 2):
 PSYoungGen      total 49152K, used 173K [0x00000000eb300000, 0x00000000ee880000, 0x0000000100000000)
  eden space 44544K, 0% used [0x00000000eb300000,0x00000000eb300000,0x00000000ede80000)
  from space 4608K, 3% used [0x00000000ee380000,0x00000000ee3ab5b0,0x00000000ee800000)
  to   space 5120K, 0% used [0x00000000ede80000,0x00000000ede80000,0x00000000ee380000)
 ParOldGen       total 30720K, used 26512K [0x00000000c1800000, 0x00000000c3600000, 0x00000000eb300000)
  object space 30720K, 86% used [0x00000000c1800000,0x00000000c31e43c8,0x00000000c3600000)
 Metaspace       used 30999K, capacity 31232K, committed 31488K, reserved 1075200K
  class space    used 4726K, capacity 4792K, committed 4864K, reserved 1048576K
}

