<?xml version="1.0" encoding="UTF-8" ?>
<testsuite failures="0" time="9.013" errors="2" skipped="0" tests="4" name="com.floatinvoice.test.rest.InvoiceControllerTest">
  <properties>
[...]
</properties>
  <testcase time="6.326" classname="com.floatinvoice.test.rest.InvoiceControllerTest" name="testCreditInvoices">
    <error message="Request processing failed; nested exception is org.springframework.dao.TransientDataAccessResourceException: PreparedStatementCallback; SQL [ INSERT INTO INVOICE_NOTIFICATION_LIST INL (INVOICE_ID, FINANCIER_ID, INSERT_DT, EXPIRATION_DT) VALUES (?,?,?,?)]; Parameter index out of range (0 &lt; 1 ).; nested exception is java.sql.SQLException: Parameter index out of range (0 &lt; 1 )." type="org.springframework.web.util.NestedServletException">org.springframework.web.util.NestedServletException: Request processing failed; nested exception is org.springframework.dao.TransientDataAccessResourceException: PreparedStatementCallback; SQL [ INSERT INTO INVOICE_NOTIFICATION_LIST INL (INVOICE_ID, FINANCIER_ID, INSERT_DT, EXPIRATION_DT) VALUES (?,?,?,?)]; Parameter index out of range (0 &lt; 1 ).; nested exception is java.sql.SQLException: Parameter index out of range (0 &lt; 1 ).
	at org.springframework.web.servlet.FrameworkServlet.processRequest(FrameworkServlet.java:978)
	at org.springframework.web.servlet.FrameworkServlet.doPost(FrameworkServlet.java:868)
	at javax.servlet.http.HttpServlet.service(HttpServlet.java:707)
	at org.springframework.web.servlet.FrameworkServlet.service(FrameworkServlet.java:842)
	at org.springframework.test.web.servlet.TestDispatcherServlet.service(TestDispatcherServlet.java:62)
	at javax.servlet.http.HttpServlet.service(HttpServlet.java:790)
	at org.springframework.mock.web.MockFilterChain$ServletFilterProxy.doFilter(MockFilterChain.java:170)
	at org.springframework.mock.web.MockFilterChain.doFilter(MockFilterChain.java:137)
	at org.springframework.test.web.servlet.MockMvc.perform(MockMvc.java:141)
	at com.floatinvoice.test.rest.InvoiceControllerTest.testCreditInvoices(InvoiceControllerTest.java:73)
	at sun.reflect.NativeMethodAccessorImpl.invoke0(Native Method)
	at sun.reflect.NativeMethodAccessorImpl.invoke(NativeMethodAccessorImpl.java:57)
	at sun.reflect.DelegatingMethodAccessorImpl.invoke(DelegatingMethodAccessorImpl.java:43)
	at java.lang.reflect.Method.invoke(Method.java:606)
	at org.junit.runners.model.FrameworkMethod$1.runReflectiveCall(FrameworkMethod.java:47)
	at org.junit.internal.runners.model.ReflectiveCallable.run(ReflectiveCallable.java:12)
	at org.junit.runners.model.FrameworkMethod.invokeExplosively(FrameworkMethod.java:44)
	at org.junit.internal.runners.statements.InvokeMethod.evaluate(InvokeMethod.java:17)
	at org.junit.internal.runners.statements.RunBefores.evaluate(RunBefores.java:26)
	at org.springframework.test.context.junit4.statements.RunBeforeTestMethodCallbacks.evaluate(RunBeforeTestMethodCallbacks.java:74)
	at org.springframework.test.context.junit4.statements.RunAfterTestMethodCallbacks.evaluate(RunAfterTestMethodCallbacks.java:83)
	at org.springframework.test.context.junit4.statements.SpringRepeat.evaluate(SpringRepeat.java:72)
	at org.springframework.test.context.junit4.SpringJUnit4ClassRunner.runChild(SpringJUnit4ClassRunner.java:233)
	at org.springframework.test.context.junit4.SpringJUnit4ClassRunner.runChild(SpringJUnit4ClassRunner.java:87)
	at org.junit.runners.ParentRunner$3.run(ParentRunner.java:238)
	at org.junit.runners.ParentRunner$1.schedule(ParentRunner.java:63)
	at org.junit.runners.ParentRunner.runChildren(ParentRunner.java:236)
	at org.junit.runners.ParentRunner.access$000(ParentRunner.java:53)
	at org.junit.runners.ParentRunner$2.evaluate(ParentRunner.java:229)
	at org.springframework.test.context.junit4.statements.RunBeforeTestClassCallbacks.evaluate(RunBeforeTestClassCallbacks.java:61)
	at org.springframework.test.context.junit4.statements.RunAfterTestClassCallbacks.evaluate(RunAfterTestClassCallbacks.java:71)
	at org.junit.runners.ParentRunner.run(ParentRunner.java:309)
	at org.springframework.test.context.junit4.SpringJUnit4ClassRunner.run(SpringJUnit4ClassRunner.java:176)
	at org.apache.maven.surefire.junit4.JUnit4Provider.execute(JUnit4Provider.java:252)
	at org.apache.maven.surefire.junit4.JUnit4Provider.executeTestSet(JUnit4Provider.java:141)
	at org.apache.maven.surefire.junit4.JUnit4Provider.invoke(JUnit4Provider.java:112)
	at sun.reflect.NativeMethodAccessorImpl.invoke0(Native Method)
	at sun.reflect.NativeMethodAccessorImpl.invoke(NativeMethodAccessorImpl.java:57)
	at sun.reflect.DelegatingMethodAccessorImpl.invoke(DelegatingMethodAccessorImpl.java:43)
	at java.lang.reflect.Method.invoke(Method.java:606)
	at org.apache.maven.surefire.util.ReflectionUtils.invokeMethodWithArray(ReflectionUtils.java:189)
	at org.apache.maven.surefire.booter.ProviderFactory$ProviderProxy.invoke(ProviderFactory.java:165)
	at org.apache.maven.surefire.booter.ProviderFactory.invokeProvider(ProviderFactory.java:85)
	at org.apache.maven.surefire.booter.ForkedBooter.runSuitesInProcess(ForkedBooter.java:115)
	at org.apache.maven.surefire.booter.ForkedBooter.main(ForkedBooter.java:75)
Caused by: org.springframework.dao.TransientDataAccessResourceException: PreparedStatementCallback; SQL [ INSERT INTO INVOICE_NOTIFICATION_LIST INL (INVOICE_ID, FINANCIER_ID, INSERT_DT, EXPIRATION_DT) VALUES (?,?,?,?)]; Parameter index out of range (0 &lt; 1 ).; nested exception is java.sql.SQLException: Parameter index out of range (0 &lt; 1 ).
	at org.springframework.jdbc.support.SQLStateSQLExceptionTranslator.doTranslate(SQLStateSQLExceptionTranslator.java:108)
	at org.springframework.jdbc.support.AbstractFallbackSQLExceptionTranslator.translate(AbstractFallbackSQLExceptionTranslator.java:73)
	at org.springframework.jdbc.support.AbstractFallbackSQLExceptionTranslator.translate(AbstractFallbackSQLExceptionTranslator.java:81)
	at org.springframework.jdbc.support.AbstractFallbackSQLExceptionTranslator.translate(AbstractFallbackSQLExceptionTranslator.java:81)
	at org.springframework.jdbc.core.JdbcTemplate.execute(JdbcTemplate.java:657)
	at org.springframework.jdbc.core.JdbcTemplate.execute(JdbcTemplate.java:670)
	at org.springframework.jdbc.core.JdbcTemplate.batchUpdate(JdbcTemplate.java:986)
	at com.floatinvoice.business.dao.JdbcInvoiceInfoReadDao.creditInvoice(JdbcInvoiceInfoReadDao.java:157)
	at com.floatinvoice.business.InvoiceServiceImpl.creditInvoice(InvoiceServiceImpl.java:145)
	at com.floatinvoice.esecurity.InvoiceController.creditInvoices(InvoiceController.java:43)
	at sun.reflect.NativeMethodAccessorImpl.invoke0(Native Method)
	at sun.reflect.NativeMethodAccessorImpl.invoke(NativeMethodAccessorImpl.java:57)
	at sun.reflect.DelegatingMethodAccessorImpl.invoke(DelegatingMethodAccessorImpl.java:43)
	at java.lang.reflect.Method.invoke(Method.java:606)
	at org.springframework.web.method.support.InvocableHandlerMethod.invoke(InvocableHandlerMethod.java:215)
	at org.springframework.web.method.support.InvocableHandlerMethod.invokeForRequest(InvocableHandlerMethod.java:132)
	at org.springframework.web.servlet.mvc.method.annotation.ServletInvocableHandlerMethod.invokeAndHandle(ServletInvocableHandlerMethod.java:104)
	at org.springframework.web.servlet.mvc.method.annotation.RequestMappingHandlerAdapter.invokeHandleMethod(RequestMappingHandlerAdapter.java:781)
	at org.springframework.web.servlet.mvc.method.annotation.RequestMappingHandlerAdapter.handleInternal(RequestMappingHandlerAdapter.java:721)
	at org.springframework.web.servlet.mvc.method.AbstractHandlerMethodAdapter.handle(AbstractHandlerMethodAdapter.java:83)
	at org.springframework.web.servlet.DispatcherServlet.doDispatch(DispatcherServlet.java:943)
	at org.springframework.web.servlet.DispatcherServlet.doService(DispatcherServlet.java:877)
	at org.springframework.web.servlet.FrameworkServlet.processRequest(FrameworkServlet.java:966)
	... 44 more
Caused by: java.sql.SQLException: Parameter index out of range (0 &lt; 1 ).
	at com.mysql.jdbc.SQLError.createSQLException(SQLError.java:1074)
	at com.mysql.jdbc.SQLError.createSQLException(SQLError.java:988)
	at com.mysql.jdbc.SQLError.createSQLException(SQLError.java:974)
	at com.mysql.jdbc.SQLError.createSQLException(SQLError.java:919)
	at com.mysql.jdbc.PreparedStatement.checkBounds(PreparedStatement.java:3808)
	at com.mysql.jdbc.PreparedStatement.setInternal(PreparedStatement.java:3795)
	at com.mysql.jdbc.PreparedStatement.setInternal(PreparedStatement.java:3840)
	at com.mysql.jdbc.PreparedStatement.setInt(PreparedStatement.java:3784)
	at com.floatinvoice.business.dao.JdbcInvoiceInfoReadDao$1.setValues(JdbcInvoiceInfoReadDao.java:161)
	at org.springframework.jdbc.core.JdbcTemplate$4.doInPreparedStatement(JdbcTemplate.java:996)
	at org.springframework.jdbc.core.JdbcTemplate$4.doInPreparedStatement(JdbcTemplate.java:986)
	at org.springframework.jdbc.core.JdbcTemplate.execute(JdbcTemplate.java:641)
	... 62 more
</error>
    <system-err>Feb 09, 2016 12:22:00 AM org.springframework.beans.factory.xml.XmlBeanDefinitionReader loadBeanDefinitions
INFO: Loading XML bean definitions from class path resource [Beans.xml]
Feb 09, 2016 12:22:01 AM org.springframework.web.context.support.GenericWebApplicationContext prepareRefresh
INFO: Refreshing org.springframework.web.context.support.GenericWebApplicationContext@258e4566: startup date [Tue Feb 09 00:22:01 EST 2016]; root of context hierarchy
Feb 09, 2016 12:22:01 AM org.springframework.beans.factory.support.DefaultListableBeanFactory registerBeanDefinition
INFO: Overriding bean definition for bean &apos;requestMappingHandlerMapping&apos;: replacing [Root bean: class [null]; scope=; abstract=false; lazyInit=false; autowireMode=3; dependencyCheck=0; autowireCandidate=true; primary=false; factoryBeanName=org.springframework.web.servlet.config.annotation.DelegatingWebMvcConfiguration; factoryMethodName=requestMappingHandlerMapping; initMethodName=null; destroyMethodName=(inferred); defined in class path resource [org/springframework/web/servlet/config/annotation/DelegatingWebMvcConfiguration.class]] with [Root bean: class [null]; scope=; abstract=false; lazyInit=false; autowireMode=3; dependencyCheck=0; autowireCandidate=true; primary=false; factoryBeanName=com.floatinvoice.config.AppConfig#0; factoryMethodName=requestMappingHandlerMapping; initMethodName=null; destroyMethodName=(inferred); defined in class path resource [com/floatinvoice/config/AppConfig.class]]
Feb 09, 2016 12:22:01 AM org.springframework.beans.factory.support.DefaultListableBeanFactory registerBeanDefinition
INFO: Overriding bean definition for bean &apos;viewControllerHandlerMapping&apos;: replacing [Root bean: class [null]; scope=; abstract=false; lazyInit=false; autowireMode=3; dependencyCheck=0; autowireCandidate=true; primary=false; factoryBeanName=org.springframework.web.servlet.config.annotation.DelegatingWebMvcConfiguration; factoryMethodName=viewControllerHandlerMapping; initMethodName=null; destroyMethodName=(inferred); defined in class path resource [org/springframework/web/servlet/config/annotation/DelegatingWebMvcConfiguration.class]] with [Root bean: class [null]; scope=; abstract=false; lazyInit=false; autowireMode=3; dependencyCheck=0; autowireCandidate=true; primary=false; factoryBeanName=com.floatinvoice.config.AppConfig#0; factoryMethodName=viewControllerHandlerMapping; initMethodName=null; destroyMethodName=(inferred); defined in class path resource [com/floatinvoice/config/AppConfig.class]]
Feb 09, 2016 12:22:03 AM org.springframework.jdbc.datasource.DriverManagerDataSource setDriverClassName
INFO: Loaded JDBC driver: com.mysql.jdbc.Driver
Feb 09, 2016 12:22:03 AM org.springframework.web.servlet.mvc.method.annotation.RequestMappingHandlerMapping registerHandlerMethod
INFO: Mapped &quot;{[/invoice/view],methods=[GET],params=[],headers=[],consumes=[],produces=[],custom=[]}&quot; onto public org.springframework.http.ResponseEntity&lt;com.floatinvoice.messages.ListMsg&lt;com.floatinvoice.messages.InvoiceDtlsMsg&gt;&gt; com.floatinvoice.esecurity.InvoiceController.viewNewInvoices(java.lang.String)
Feb 09, 2016 12:22:03 AM org.springframework.web.servlet.mvc.method.annotation.RequestMappingHandlerMapping registerHandlerMethod
INFO: Mapped &quot;{[/invoice/credit],methods=[POST],params=[],headers=[],consumes=[],produces=[],custom=[]}&quot; onto public org.springframework.http.ResponseEntity&lt;com.floatinvoice.messages.BaseMsg&gt; com.floatinvoice.esecurity.InvoiceController.creditInvoices(java.lang.String) throws java.lang.Exception
Feb 09, 2016 12:22:03 AM org.springframework.web.servlet.mvc.method.annotation.RequestMappingHandlerMapping registerHandlerMethod
INFO: Mapped &quot;{[/invoice/upload],methods=[POST],params=[],headers=[],consumes=[],produces=[],custom=[]}&quot; onto public org.springframework.http.ResponseEntity&lt;com.floatinvoice.messages.BaseMsg&gt; com.floatinvoice.esecurity.InvoiceController.uploadFile(java.lang.String,java.lang.String,org.springframework.web.multipart.MultipartFile) throws java.lang.Exception
Feb 09, 2016 12:22:03 AM org.springframework.web.servlet.mvc.method.annotation.RequestMappingHandlerMapping registerHandlerMethod
INFO: Mapped &quot;{[/loginPage],methods=[POST],params=[],headers=[],consumes=[],produces=[],custom=[]}&quot; onto public org.springframework.web.servlet.ModelAndView com.floatinvoice.esecurity.LoginController.login(java.lang.String,java.lang.String,javax.servlet.http.HttpSession)
Feb 09, 2016 12:22:03 AM org.springframework.web.servlet.mvc.method.annotation.RequestMappingHandlerMapping registerHandlerMethod
INFO: Mapped &quot;{[/profile/login],methods=[GET],params=[],headers=[],consumes=[],produces=[],custom=[]}&quot; onto public java.lang.String com.floatinvoice.esecurity.LoginController.login(java.lang.String,javax.servlet.http.HttpSession)
Feb 09, 2016 12:22:03 AM org.springframework.web.servlet.mvc.method.annotation.RequestMappingHandlerMapping registerHandlerMethod
INFO: Mapped &quot;{[/],methods=[GET],params=[],headers=[],consumes=[],produces=[],custom=[]}&quot; onto public org.springframework.web.servlet.ModelAndView com.floatinvoice.esecurity.LoginController.welcomePage()
Feb 09, 2016 12:22:03 AM org.springframework.web.servlet.handler.SimpleUrlHandlerMapping registerHandlers
WARNING: Neither &apos;urlMap&apos; nor &apos;mappings&apos; set on SimpleUrlHandlerMapping
Feb 09, 2016 12:22:03 AM org.springframework.web.servlet.handler.SimpleUrlHandlerMapping registerHandler
INFO: Mapped URL path [/js/**] onto handler of type [class org.springframework.web.servlet.resource.ResourceHttpRequestHandler]
Feb 09, 2016 12:22:03 AM org.springframework.web.servlet.handler.SimpleUrlHandlerMapping registerHandler
INFO: Mapped URL path [/html/**] onto handler of type [class org.springframework.web.servlet.resource.ResourceHttpRequestHandler]
Feb 09, 2016 12:22:03 AM org.springframework.web.servlet.handler.SimpleUrlHandlerMapping registerHandler
INFO: Mapped URL path [/img/**] onto handler of type [class org.springframework.web.servlet.resource.ResourceHttpRequestHandler]
Feb 09, 2016 12:22:03 AM org.springframework.web.servlet.handler.SimpleUrlHandlerMapping registerHandler
INFO: Mapped URL path [/css/**] onto handler of type [class org.springframework.web.servlet.resource.ResourceHttpRequestHandler]
Feb 09, 2016 12:22:03 AM org.springframework.web.servlet.mvc.method.annotation.RequestMappingHandlerAdapter initControllerAdviceCache
INFO: Looking for @ControllerAdvice: org.springframework.web.context.support.GenericWebApplicationContext@258e4566: startup date [Tue Feb 09 00:22:01 EST 2016]; root of context hierarchy
Feb 09, 2016 12:22:04 AM org.springframework.security.web.DefaultSecurityFilterChain &lt;init&gt;
INFO: Creating filter chain: org.springframework.security.web.util.matcher.AnyRequestMatcher@1, [org.springframework.security.web.context.request.async.WebAsyncManagerIntegrationFilter@322f23a, org.springframework.security.web.context.SecurityContextPersistenceFilter@69a7f4b2, org.springframework.security.web.header.HeaderWriterFilter@27ba52a2, org.springframework.security.web.csrf.CsrfFilter@5cf906d8, org.springframework.security.web.authentication.logout.LogoutFilter@71baab36, org.springframework.security.web.authentication.UsernamePasswordAuthenticationFilter@3dab3ff9, org.springframework.security.web.savedrequest.RequestCacheAwareFilter@3b56099f, org.springframework.security.web.servletapi.SecurityContextHolderAwareRequestFilter@27ca0d15, org.springframework.security.web.authentication.AnonymousAuthenticationFilter@6b4cbf71, org.springframework.security.web.session.SessionManagementFilter@7333c544, org.springframework.security.web.access.ExceptionTranslationFilter@5b764aec, org.springframework.security.web.access.intercept.FilterSecurityInterceptor@1c80a031]
Feb 09, 2016 12:22:04 AM org.springframework.web.servlet.mvc.method.annotation.RequestMappingHandlerAdapter initControllerAdviceCache
INFO: Looking for @ControllerAdvice: org.springframework.web.context.support.GenericWebApplicationContext@258e4566: startup date [Tue Feb 09 00:22:01 EST 2016]; root of context hierarchy
Feb 09, 2016 12:22:04 AM org.springframework.web.servlet.handler.SimpleUrlHandlerMapping registerHandler
INFO: Mapped URL path [/login] onto handler of type [class org.springframework.web.servlet.mvc.ParameterizableViewController]
Feb 09, 2016 12:22:04 AM org.springframework.mock.web.MockServletContext log
INFO: Initializing Spring FrameworkServlet &apos;&apos;
Feb 09, 2016 12:22:04 AM org.springframework.test.web.servlet.TestDispatcherServlet initServletBean
INFO: FrameworkServlet &apos;&apos;: initialization started
Feb 09, 2016 12:22:05 AM org.springframework.test.web.servlet.TestDispatcherServlet initServletBean
INFO: FrameworkServlet &apos;&apos;: initialization completed in 45 ms
Feb 09, 2016 12:22:05 AM org.springframework.beans.factory.xml.XmlBeanDefinitionReader loadBeanDefinitions
INFO: Loading XML bean definitions from class path resource [org/springframework/jdbc/support/sql-error-codes.xml]
Feb 09, 2016 12:22:06 AM org.springframework.jdbc.support.SQLErrorCodesFactory &lt;init&gt;
INFO: SQLErrorCodes loaded: [DB2, Derby, H2, HSQL, Informix, MS-SQL, MySQL, Oracle, PostgreSQL, Sybase, Hana]
</system-err>
  </testcase>
  <testcase time="1.501" classname="com.floatinvoice.test.rest.InvoiceControllerTest" name="testUploadFiles">
    <error message="Request processing failed; nested exception is org.springframework.dao.TransientDataAccessResourceException: PreparedStatementCallback; SQL [ INSERT INTO INVOICE_INFO II (INVOICE_START_DT, INVOICE_END_DT, AMOUNT, INVOICE_NO, COMPANY_ID,FILE_ID, BUYER_NAME, BUYER_ID, BUYER_APPROVAL, DESCRIPTION, REF_ID, REQUEST_ID, USER_ID, SOURCE_APP) VALUES (?,?,?,?,?,?,?,?,?,?,?,?,?,?)]; Parameter index out of range (0 &lt; 1 ).; nested exception is java.sql.SQLException: Parameter index out of range (0 &lt; 1 )." type="org.springframework.web.util.NestedServletException">org.springframework.web.util.NestedServletException: Request processing failed; nested exception is org.springframework.dao.TransientDataAccessResourceException: PreparedStatementCallback; SQL [ INSERT INTO INVOICE_INFO II (INVOICE_START_DT, INVOICE_END_DT, AMOUNT, INVOICE_NO, COMPANY_ID,FILE_ID, BUYER_NAME, BUYER_ID, BUYER_APPROVAL, DESCRIPTION, REF_ID, REQUEST_ID, USER_ID, SOURCE_APP) VALUES (?,?,?,?,?,?,?,?,?,?,?,?,?,?)]; Parameter index out of range (0 &lt; 1 ).; nested exception is java.sql.SQLException: Parameter index out of range (0 &lt; 1 ).
	at org.springframework.web.servlet.FrameworkServlet.processRequest(FrameworkServlet.java:978)
	at org.springframework.web.servlet.FrameworkServlet.doPost(FrameworkServlet.java:868)
	at javax.servlet.http.HttpServlet.service(HttpServlet.java:707)
	at org.springframework.web.servlet.FrameworkServlet.service(FrameworkServlet.java:842)
	at org.springframework.test.web.servlet.TestDispatcherServlet.service(TestDispatcherServlet.java:62)
	at javax.servlet.http.HttpServlet.service(HttpServlet.java:790)
	at org.springframework.mock.web.MockFilterChain$ServletFilterProxy.doFilter(MockFilterChain.java:170)
	at org.springframework.mock.web.MockFilterChain.doFilter(MockFilterChain.java:137)
	at org.springframework.test.web.servlet.MockMvc.perform(MockMvc.java:141)
	at com.floatinvoice.test.rest.InvoiceControllerTest.testUploadFiles(InvoiceControllerTest.java:67)
	at sun.reflect.NativeMethodAccessorImpl.invoke0(Native Method)
	at sun.reflect.NativeMethodAccessorImpl.invoke(NativeMethodAccessorImpl.java:57)
	at sun.reflect.DelegatingMethodAccessorImpl.invoke(DelegatingMethodAccessorImpl.java:43)
	at java.lang.reflect.Method.invoke(Method.java:606)
	at org.junit.runners.model.FrameworkMethod$1.runReflectiveCall(FrameworkMethod.java:47)
	at org.junit.internal.runners.model.ReflectiveCallable.run(ReflectiveCallable.java:12)
	at org.junit.runners.model.FrameworkMethod.invokeExplosively(FrameworkMethod.java:44)
	at org.junit.internal.runners.statements.InvokeMethod.evaluate(InvokeMethod.java:17)
	at org.junit.internal.runners.statements.RunBefores.evaluate(RunBefores.java:26)
	at org.springframework.test.context.junit4.statements.RunBeforeTestMethodCallbacks.evaluate(RunBeforeTestMethodCallbacks.java:74)
	at org.springframework.test.context.junit4.statements.RunAfterTestMethodCallbacks.evaluate(RunAfterTestMethodCallbacks.java:83)
	at org.springframework.test.context.junit4.statements.SpringRepeat.evaluate(SpringRepeat.java:72)
	at org.springframework.test.context.junit4.SpringJUnit4ClassRunner.runChild(SpringJUnit4ClassRunner.java:233)
	at org.springframework.test.context.junit4.SpringJUnit4ClassRunner.runChild(SpringJUnit4ClassRunner.java:87)
	at org.junit.runners.ParentRunner$3.run(ParentRunner.java:238)
	at org.junit.runners.ParentRunner$1.schedule(ParentRunner.java:63)
	at org.junit.runners.ParentRunner.runChildren(ParentRunner.java:236)
	at org.junit.runners.ParentRunner.access$000(ParentRunner.java:53)
	at org.junit.runners.ParentRunner$2.evaluate(ParentRunner.java:229)
	at org.springframework.test.context.junit4.statements.RunBeforeTestClassCallbacks.evaluate(RunBeforeTestClassCallbacks.java:61)
	at org.springframework.test.context.junit4.statements.RunAfterTestClassCallbacks.evaluate(RunAfterTestClassCallbacks.java:71)
	at org.junit.runners.ParentRunner.run(ParentRunner.java:309)
	at org.springframework.test.context.junit4.SpringJUnit4ClassRunner.run(SpringJUnit4ClassRunner.java:176)
	at org.apache.maven.surefire.junit4.JUnit4Provider.execute(JUnit4Provider.java:252)
	at org.apache.maven.surefire.junit4.JUnit4Provider.executeTestSet(JUnit4Provider.java:141)
	at org.apache.maven.surefire.junit4.JUnit4Provider.invoke(JUnit4Provider.java:112)
	at sun.reflect.NativeMethodAccessorImpl.invoke0(Native Method)
	at sun.reflect.NativeMethodAccessorImpl.invoke(NativeMethodAccessorImpl.java:57)
	at sun.reflect.DelegatingMethodAccessorImpl.invoke(DelegatingMethodAccessorImpl.java:43)
	at java.lang.reflect.Method.invoke(Method.java:606)
	at org.apache.maven.surefire.util.ReflectionUtils.invokeMethodWithArray(ReflectionUtils.java:189)
	at org.apache.maven.surefire.booter.ProviderFactory$ProviderProxy.invoke(ProviderFactory.java:165)
	at org.apache.maven.surefire.booter.ProviderFactory.invokeProvider(ProviderFactory.java:85)
	at org.apache.maven.surefire.booter.ForkedBooter.runSuitesInProcess(ForkedBooter.java:115)
	at org.apache.maven.surefire.booter.ForkedBooter.main(ForkedBooter.java:75)
Caused by: org.springframework.dao.TransientDataAccessResourceException: PreparedStatementCallback; SQL [ INSERT INTO INVOICE_INFO II (INVOICE_START_DT, INVOICE_END_DT, AMOUNT, INVOICE_NO, COMPANY_ID,FILE_ID, BUYER_NAME, BUYER_ID, BUYER_APPROVAL, DESCRIPTION, REF_ID, REQUEST_ID, USER_ID, SOURCE_APP) VALUES (?,?,?,?,?,?,?,?,?,?,?,?,?,?)]; Parameter index out of range (0 &lt; 1 ).; nested exception is java.sql.SQLException: Parameter index out of range (0 &lt; 1 ).
	at org.springframework.jdbc.support.SQLStateSQLExceptionTranslator.doTranslate(SQLStateSQLExceptionTranslator.java:108)
	at org.springframework.jdbc.support.AbstractFallbackSQLExceptionTranslator.translate(AbstractFallbackSQLExceptionTranslator.java:73)
	at org.springframework.jdbc.support.AbstractFallbackSQLExceptionTranslator.translate(AbstractFallbackSQLExceptionTranslator.java:81)
	at org.springframework.jdbc.support.AbstractFallbackSQLExceptionTranslator.translate(AbstractFallbackSQLExceptionTranslator.java:81)
	at org.springframework.jdbc.core.JdbcTemplate.execute(JdbcTemplate.java:657)
	at org.springframework.jdbc.core.JdbcTemplate.execute(JdbcTemplate.java:670)
	at org.springframework.jdbc.core.JdbcTemplate.batchUpdate(JdbcTemplate.java:986)
	at com.floatinvoice.business.dao.JdbcInvoiceFileUploadDao.insertParsedRecordsInDB(JdbcInvoiceFileUploadDao.java:129)
	at com.floatinvoice.business.dao.JdbcInvoiceFileUploadDao.fileUpload(JdbcInvoiceFileUploadDao.java:164)
	at com.floatinvoice.business.InvoiceServiceImpl.uploadInvoiceFile(InvoiceServiceImpl.java:135)
	at com.floatinvoice.esecurity.InvoiceController.uploadFile(InvoiceController.java:37)
	at sun.reflect.NativeMethodAccessorImpl.invoke0(Native Method)
	at sun.reflect.NativeMethodAccessorImpl.invoke(NativeMethodAccessorImpl.java:57)
	at sun.reflect.DelegatingMethodAccessorImpl.invoke(DelegatingMethodAccessorImpl.java:43)
	at java.lang.reflect.Method.invoke(Method.java:606)
	at org.springframework.web.method.support.InvocableHandlerMethod.invoke(InvocableHandlerMethod.java:215)
	at org.springframework.web.method.support.InvocableHandlerMethod.invokeForRequest(InvocableHandlerMethod.java:132)
	at org.springframework.web.servlet.mvc.method.annotation.ServletInvocableHandlerMethod.invokeAndHandle(ServletInvocableHandlerMethod.java:104)
	at org.springframework.web.servlet.mvc.method.annotation.RequestMappingHandlerAdapter.invokeHandleMethod(RequestMappingHandlerAdapter.java:781)
	at org.springframework.web.servlet.mvc.method.annotation.RequestMappingHandlerAdapter.handleInternal(RequestMappingHandlerAdapter.java:721)
	at org.springframework.web.servlet.mvc.method.AbstractHandlerMethodAdapter.handle(AbstractHandlerMethodAdapter.java:83)
	at org.springframework.web.servlet.DispatcherServlet.doDispatch(DispatcherServlet.java:943)
	at org.springframework.web.servlet.DispatcherServlet.doService(DispatcherServlet.java:877)
	at org.springframework.web.servlet.FrameworkServlet.processRequest(FrameworkServlet.java:966)
	... 44 more
Caused by: java.sql.SQLException: Parameter index out of range (0 &lt; 1 ).
	at com.mysql.jdbc.SQLError.createSQLException(SQLError.java:1074)
	at com.mysql.jdbc.SQLError.createSQLException(SQLError.java:988)
	at com.mysql.jdbc.SQLError.createSQLException(SQLError.java:974)
	at com.mysql.jdbc.SQLError.createSQLException(SQLError.java:919)
	at com.mysql.jdbc.PreparedStatement.checkBounds(PreparedStatement.java:3808)
	at com.mysql.jdbc.PreparedStatement.setInternal(PreparedStatement.java:3795)
	at com.mysql.jdbc.PreparedStatement.setInternal(PreparedStatement.java:3840)
	at com.mysql.jdbc.PreparedStatement.setTimestampInternal(PreparedStatement.java:4851)
	at com.mysql.jdbc.PreparedStatement.setTimestamp(PreparedStatement.java:4785)
	at com.floatinvoice.business.dao.JdbcInvoiceFileUploadDao$1.setValues(JdbcInvoiceFileUploadDao.java:135)
	at org.springframework.jdbc.core.JdbcTemplate$4.doInPreparedStatement(JdbcTemplate.java:996)
	at org.springframework.jdbc.core.JdbcTemplate$4.doInPreparedStatement(JdbcTemplate.java:986)
	at org.springframework.jdbc.core.JdbcTemplate.execute(JdbcTemplate.java:641)
	... 63 more
</error>
    <system-out>Numeric : 42584.0tNumeric : 42585.0tNumeric : 10000.0t10000.0
Numeric : 5436.0t5436.0
Numeric : 42584.0tNumeric : 42585.0tNumeric : 15000.0t15000.0
Numeric : 9876.0t9876.0
Numeric : 42584.0tNumeric : 42585.0tNumeric : 20000.0t20000.0
Numeric : 1111.0t1111.0
Numeric : 42584.0tNumeric : 42585.0tNumeric : 25000.0t25000.0
Numeric : 8888.0t8888.0
</system-out>
    <system-err>Feb 09, 2016 12:22:06 AM org.springframework.mock.web.MockServletContext log
INFO: Initializing Spring FrameworkServlet &apos;&apos;
Feb 09, 2016 12:22:06 AM org.springframework.test.web.servlet.TestDispatcherServlet initServletBean
INFO: FrameworkServlet &apos;&apos;: initialization started
Feb 09, 2016 12:22:06 AM org.springframework.test.web.servlet.TestDispatcherServlet initServletBean
INFO: FrameworkServlet &apos;&apos;: initialization completed in 3 ms
Feb 09, 2016 12:22:06 AM org.springframework.mock.web.MockServletContext log
INFO: Initializing Spring FrameworkServlet &apos;&apos;
Feb 09, 2016 12:22:06 AM org.springframework.test.web.servlet.TestDispatcherServlet initServletBean
INFO: FrameworkServlet &apos;&apos;: initialization started
Feb 09, 2016 12:22:06 AM org.springframework.test.web.servlet.TestDispatcherServlet initServletBean
INFO: FrameworkServlet &apos;&apos;: initialization completed in 4 ms
</system-err>
  </testcase>
  <testcase time="1.091" classname="com.floatinvoice.test.rest.InvoiceControllerTest" name="testFinancierViewInvoices"/>
  <testcase time="0.095" classname="com.floatinvoice.test.rest.InvoiceControllerTest" name="testViewInvoices"/>
</testsuite>